<?xml version="1.0" encoding="UTF-8"?>
<coverage generated="1762924076404" clover="4.5.2">
   <project name="core 1.0-SNAPSHOT" timestamp="1762924070289">
      <metrics coveredelements="1564" complexity="474" loc="7268" methods="295" classes="90" statements="1179" packages="8" coveredconditionals="239" coveredmethods="256" elements="1742" ncloc="4062" files="63" conditionals="268" coveredstatements="1069"/>
      <package name="guru.mikelue.foxglove.junit">
         <metrics coveredelements="39" complexity="8" loc="148" methods="5" classes="1" statements="31" coveredconditionals="4" coveredmethods="5" elements="40" ncloc="103" files="1" conditionals="4" coveredstatements="30"/>
         <file path="/home/runner/work/foxglove/foxglove/src/main/java/guru/mikelue/foxglove/junit/FoxgloveJUnitExtension.java" name="FoxgloveJUnitExtension.java">
            <metrics coveredelements="39" coveredconditionals="4" complexity="8" loc="148" coveredmethods="5" methods="5" elements="40" classes="1" ncloc="103" statements="31" conditionals="4" coveredstatements="30"/>
            <class name="FoxgloveJUnitExtension">
               <metrics coveredelements="39" coveredconditionals="4" complexity="8" coveredmethods="5" methods="5" elements="40" statements="31" conditionals="4" coveredstatements="30"/>
            </class>
            <line complexity="1" visibility="public" signature="FoxgloveJUnitExtension()" num="33" count="3" type="method"/>
            <line complexity="1" visibility="public" signature="beforeAll(ExtensionContext) : void" num="35" count="10" type="method"/>
            <line num="38" count="10" type="stmt"/>
            <line num="39" count="10" type="stmt"/>
            <line num="41" count="10" type="stmt"/>
            <line num="43" count="10" type="stmt"/>
            <line complexity="1" visibility="public" signature="beforeEach(ExtensionContext) : void" num="49" count="17" type="method"/>
            <line num="52" count="17" type="stmt"/>
            <line num="56" count="17" type="stmt"/>
            <line num="65" count="17" type="stmt"/>
            <line num="71" count="17" type="stmt"/>
            <line complexity="3" visibility="private" signature="doOnClassLevel(Object,Supplier&lt;DataGenContext&lt;TableFacet&gt;&gt;) : Integer" num="80" count="17" type="method"/>
            <line num="82" count="17" type="stmt"/>
            <line num="87" count="17" type="stmt"/>
            <line falsecount="2" truecount="15" num="87" type="cond"/>
            <line num="88" count="15" type="stmt"/>
            <line num="91" count="2" type="stmt"/>
            <line num="95" count="2" type="stmt"/>
            <line num="96" count="2" type="stmt"/>
            <line num="98" count="0" type="stmt"/>
            <line complexity="2" visibility="private" signature="buildContextSupplier(ExtensionContext) : Supplier&lt;DataGenContext&lt;TableFacet&gt;&gt;" num="111" count="17" type="method"/>
            <line num="113" count="17" type="stmt"/>
            <line num="115" count="17" type="stmt"/>
            <line falsecount="8" truecount="9" num="115" type="cond"/>
            <line num="116" count="9" type="stmt"/>
            <line num="117" count="8" type="stmt"/>
            <line num="118" count="8" type="stmt"/>
            <line num="120" count="8" type="stmt"/>
            <line num="121" count="17" type="stmt"/>
            <line num="122" count="17" type="stmt"/>
            <line num="124" count="17" type="stmt"/>
            <line num="128" count="17" type="stmt"/>
            <line num="131" count="8" type="stmt"/>
            <line num="137" count="8" type="stmt"/>
            <line num="138" count="8" type="stmt"/>
            <line num="139" count="8" type="stmt"/>
            <line num="141" count="8" type="stmt"/>
            <line num="145" count="8" type="stmt"/>
         </file>
      </package>
      <package name="guru.mikelue.foxglove">
         <metrics coveredelements="19" complexity="10" loc="284" methods="4" classes="5" statements="18" coveredconditionals="6" coveredmethods="3" elements="34" ncloc="89" files="4" conditionals="12" coveredstatements="10"/>
         <file path="/home/runner/work/foxglove/foxglove/src/main/java/guru/mikelue/foxglove/ColumnMeta.java" name="ColumnMeta.java">
            <metrics coveredelements="17" coveredconditionals="6" complexity="9" loc="159" coveredmethods="2" methods="3" elements="32" classes="2" ncloc="62" statements="17" conditionals="12" coveredstatements="9"/>
            <class name="ColumnMeta">
               <metrics coveredelements="17" coveredconditionals="6" complexity="9" coveredmethods="2" methods="3" elements="32" statements="17" conditionals="12" coveredstatements="9"/>
            </class>
            <class name="ColumnMeta.Property">
               <metrics coveredelements="0" coveredconditionals="0" complexity="0" coveredmethods="0" methods="0" elements="0" statements="0" conditionals="0" coveredstatements="0"/>
            </class>
            <line complexity="1" visibility="public" signature="hashCode() : int" num="99" count="52238" type="method"/>
            <line num="102" count="52238" type="stmt"/>
            <line complexity="4" visibility="public" signature="equals(Object) : boolean" num="112" count="0" type="method"/>
            <line num="115" count="0" type="stmt"/>
            <line num="115" count="0" type="stmt"/>
            <line falsecount="0" truecount="0" num="115" type="cond"/>
            <line num="116" count="0" type="stmt"/>
            <line num="116" count="0" type="stmt"/>
            <line falsecount="0" truecount="0" num="116" type="cond"/>
            <line num="117" count="0" type="stmt"/>
            <line falsecount="0" truecount="0" num="117" type="cond"/>
            <line num="118" count="0" type="stmt"/>
            <line num="121" count="0" type="stmt"/>
            <line num="122" count="0" type="stmt"/>
            <line complexity="4" visibility="public" signature="toString() : String" num="132" count="815" type="method"/>
            <line num="135" count="815" type="stmt"/>
            <line num="140" count="815" type="stmt"/>
            <line falsecount="11" truecount="804" num="140" type="cond"/>
            <line num="141" count="804" type="stmt"/>
            <line num="144" count="815" type="stmt"/>
            <line falsecount="557" truecount="258" num="144" type="cond"/>
            <line num="145" count="258" type="stmt"/>
            <line num="148" count="815" type="stmt"/>
            <line falsecount="376" truecount="439" num="148" type="cond"/>
            <line num="149" count="439" type="stmt"/>
            <line num="157" count="815" type="stmt"/>
         </file>
         <file path="/home/runner/work/foxglove/foxglove/src/main/java/guru/mikelue/foxglove/DataGenerator.java" name="DataGenerator.java">
            <metrics coveredelements="2" coveredconditionals="0" complexity="1" loc="38" coveredmethods="1" methods="1" elements="2" classes="1" ncloc="11" statements="1" conditionals="0" coveredstatements="1"/>
            <class name="DataGenerator">
               <metrics coveredelements="2" coveredconditionals="0" complexity="1" coveredmethods="1" methods="1" elements="2" statements="1" conditionals="0" coveredstatements="1"/>
            </class>
            <line complexity="1" visibility="package" signature="generate(T) : int" num="22" count="35" type="method"/>
            <line num="25" count="35" type="stmt"/>
         </file>
         <file path="/home/runner/work/foxglove/foxglove/src/main/java/guru/mikelue/foxglove/TableFacet.java" name="TableFacet.java">
            <metrics coveredelements="0" coveredconditionals="0" complexity="0" loc="20" coveredmethods="0" methods="0" elements="0" classes="1" ncloc="5" statements="0" conditionals="0" coveredstatements="0"/>
            <class name="TableFacet">
               <metrics coveredelements="0" coveredconditionals="0" complexity="0" coveredmethods="0" methods="0" elements="0" statements="0" conditionals="0" coveredstatements="0"/>
            </class>
         </file>
         <file path="/home/runner/work/foxglove/foxglove/src/main/java/guru/mikelue/foxglove/TupleAccessor.java" name="TupleAccessor.java">
            <metrics coveredelements="0" coveredconditionals="0" complexity="0" loc="67" coveredmethods="0" methods="0" elements="0" classes="1" ncloc="11" statements="0" conditionals="0" coveredstatements="0"/>
            <class name="TupleAccessor">
               <metrics coveredelements="0" coveredconditionals="0" complexity="0" coveredmethods="0" methods="0" elements="0" statements="0" conditionals="0" coveredstatements="0"/>
            </class>
         </file>
      </package>
      <package name="guru.mikelue.foxglove.instancio">
         <metrics coveredelements="36" complexity="13" loc="115" methods="8" classes="1" statements="20" coveredconditionals="8" coveredmethods="8" elements="36" ncloc="60" files="1" conditionals="8" coveredstatements="20"/>
         <file path="/home/runner/work/foxglove/foxglove/src/main/java/guru/mikelue/foxglove/instancio/ByteArraySpec.java" name="ByteArraySpec.java">
            <metrics coveredelements="36" coveredconditionals="8" complexity="13" loc="115" coveredmethods="8" methods="8" elements="36" classes="1" ncloc="60" statements="20" conditionals="8" coveredstatements="20"/>
            <class name="ByteArraySpec">
               <metrics coveredelements="36" coveredconditionals="8" complexity="13" coveredmethods="8" methods="8" elements="36" statements="20" conditionals="8" coveredstatements="20"/>
            </class>
            <line complexity="1" visibility="public" signature="ByteArraySpec()" num="24" count="31" type="method"/>
            <line complexity="1" visibility="public" signature="length(int) : ByteArraySpec" num="33" count="17" type="method"/>
            <line num="35" count="17" type="stmt"/>
            <line num="36" count="17" type="stmt"/>
            <line complexity="1" visibility="public" signature="minLength(int) : ByteArraySpec" num="46" count="13" type="method"/>
            <line num="48" count="13" type="stmt"/>
            <line num="49" count="13" type="stmt"/>
            <line complexity="1" visibility="public" signature="maxLength(int) : ByteArraySpec" num="59" count="13" type="method"/>
            <line num="61" count="13" type="stmt"/>
            <line num="62" count="13" type="stmt"/>
            <line complexity="1" visibility="public" signature="zeroElements() : ByteArraySpec" num="70" count="1" type="method"/>
            <line num="72" count="1" type="stmt"/>
            <line num="73" count="1" type="stmt"/>
            <line num="75" count="1" type="stmt"/>
            <line complexity="5" visibility="public" signature="get() : byte[]" num="83" count="696" type="method"/>
            <line num="86" count="696" type="stmt"/>
            <line falsecount="695" truecount="1" num="86" type="cond"/>
            <line num="87" count="1" type="stmt"/>
            <line num="90" count="695" type="stmt"/>
            <line falsecount="396" truecount="299" num="90" type="cond"/>
            <line num="91" count="695" type="stmt"/>
            <line num="92" count="695" type="stmt"/>
            <line falsecount="695" truecount="229738" num="92" type="cond"/>
            <line num="93" count="229738" type="stmt"/>
            <line num="96" count="695" type="stmt"/>
            <line complexity="1" visibility="public" signature="nullable() : ValueSpec&lt;byte[]&gt;" num="102" count="1" type="method"/>
            <line num="105" count="1" type="stmt"/>
            <line num="106" count="1" type="stmt"/>
            <line complexity="2" visibility="private" signature="nullableByte() : byte" num="109" count="512" type="method"/>
            <line num="111" count="512" type="stmt"/>
            <line num="112" count="512" type="stmt"/>
            <line falsecount="79" truecount="433" num="112" type="cond"/>
         </file>
      </package>
      <package name="guru.mikelue.foxglove.functional">
         <metrics coveredelements="53" complexity="34" loc="651" methods="32" classes="15" statements="59" coveredconditionals="4" coveredmethods="15" elements="95" ncloc="267" files="14" conditionals="4" coveredstatements="34"/>
         <file path="/home/runner/work/foxglove/foxglove/src/main/java/guru/mikelue/foxglove/functional/ColumnMatcher.java" name="ColumnMatcher.java">
            <metrics coveredelements="0" coveredconditionals="0" complexity="0" loc="11" coveredmethods="0" methods="0" elements="0" classes="1" ncloc="5" statements="0" conditionals="0" coveredstatements="0"/>
            <class name="ColumnMatcher">
               <metrics coveredelements="0" coveredconditionals="0" complexity="0" coveredmethods="0" methods="0" elements="0" statements="0" conditionals="0" coveredstatements="0"/>
            </class>
         </file>
         <file path="/home/runner/work/foxglove/foxglove/src/main/java/guru/mikelue/foxglove/functional/DataGeneratorProvider.java" name="DataGeneratorProvider.java">
            <metrics coveredelements="0" coveredconditionals="0" complexity="0" loc="15" coveredmethods="0" methods="0" elements="0" classes="1" ncloc="5" statements="0" conditionals="0" coveredstatements="0"/>
            <class name="DataGeneratorProvider">
               <metrics coveredelements="0" coveredconditionals="0" complexity="0" coveredmethods="0" methods="0" elements="0" statements="0" conditionals="0" coveredstatements="0"/>
            </class>
         </file>
         <file path="/home/runner/work/foxglove/foxglove/src/main/java/guru/mikelue/foxglove/functional/Int4SequenceSupplier.java" name="Int4SequenceSupplier.java">
            <metrics coveredelements="9" coveredconditionals="0" complexity="6" loc="82" coveredmethods="3" methods="6" elements="15" classes="1" ncloc="36" statements="9" conditionals="0" coveredstatements="6"/>
            <class name="Int4SequenceSupplier">
               <metrics coveredelements="9" coveredconditionals="0" complexity="6" coveredmethods="3" methods="6" elements="15" statements="9" conditionals="0" coveredstatements="6"/>
            </class>
            <line complexity="1" visibility="public" signature="Int4SequenceSupplier()" num="21" count="0" type="method"/>
            <line num="23" count="0" type="stmt"/>
            <line complexity="1" visibility="public" signature="Int4SequenceSupplier(int)" num="33" count="0" type="method"/>
            <line num="35" count="0" type="stmt"/>
            <line complexity="1" visibility="public" signature="Int4SequenceSupplier(int,int)" num="46" count="2" type="method"/>
            <line num="48" count="2" type="stmt"/>
            <line num="49" count="2" type="stmt"/>
            <line complexity="1" visibility="public" signature="getAsInt() : int" num="57" count="14" type="method"/>
            <line num="60" count="14" type="stmt"/>
            <line complexity="1" visibility="public" signature="nextValue() : Integer" num="66" count="18" type="method"/>
            <line num="69" count="18" type="stmt"/>
            <line num="70" count="18" type="stmt"/>
            <line num="71" count="18" type="stmt"/>
            <line complexity="1" visibility="public" signature="lastValue() : Integer" num="77" count="0" type="method"/>
            <line num="80" count="0" type="stmt"/>
         </file>
         <file path="/home/runner/work/foxglove/foxglove/src/main/java/guru/mikelue/foxglove/functional/Int8SequenceSupplier.java" name="Int8SequenceSupplier.java">
            <metrics coveredelements="0" coveredconditionals="0" complexity="6" loc="82" coveredmethods="0" methods="6" elements="15" classes="1" ncloc="36" statements="9" conditionals="0" coveredstatements="0"/>
            <class name="Int8SequenceSupplier">
               <metrics coveredelements="0" coveredconditionals="0" complexity="6" coveredmethods="0" methods="6" elements="15" statements="9" conditionals="0" coveredstatements="0"/>
            </class>
            <line complexity="1" visibility="public" signature="Int8SequenceSupplier()" num="21" count="0" type="method"/>
            <line num="23" count="0" type="stmt"/>
            <line complexity="1" visibility="public" signature="Int8SequenceSupplier(long)" num="33" count="0" type="method"/>
            <line num="35" count="0" type="stmt"/>
            <line complexity="1" visibility="public" signature="Int8SequenceSupplier(long,int)" num="46" count="0" type="method"/>
            <line num="48" count="0" type="stmt"/>
            <line num="49" count="0" type="stmt"/>
            <line complexity="1" visibility="public" signature="getAsLong() : long" num="57" count="0" type="method"/>
            <line num="60" count="0" type="stmt"/>
            <line complexity="1" visibility="public" signature="nextValue() : Long" num="66" count="0" type="method"/>
            <line num="69" count="0" type="stmt"/>
            <line num="70" count="0" type="stmt"/>
            <line num="71" count="0" type="stmt"/>
            <line complexity="1" visibility="public" signature="lastValue() : Long" num="77" count="0" type="method"/>
            <line num="80" count="0" type="stmt"/>
         </file>
         <file path="/home/runner/work/foxglove/foxglove/src/main/java/guru/mikelue/foxglove/functional/RoundRobinValueSupplier.java" name="RoundRobinValueSupplier.java">
            <metrics coveredelements="16" coveredconditionals="0" complexity="5" loc="93" coveredmethods="4" methods="5" elements="19" classes="1" ncloc="45" statements="14" conditionals="0" coveredstatements="12"/>
            <class name="RoundRobinValueSupplier">
               <metrics coveredelements="16" coveredconditionals="0" complexity="5" coveredmethods="4" methods="5" elements="19" statements="14" conditionals="0" coveredstatements="12"/>
            </class>
            <line complexity="1" visibility="public" signature="of(T) : RoundRobinValueSupplier&lt;T&gt;" num="24" count="21" type="method"/>
            <line num="27" count="21" type="stmt"/>
            <line num="29" count="21" type="stmt"/>
            <line num="30" count="21" type="stmt"/>
            <line num="32" count="21" type="stmt"/>
            <line complexity="1" visibility="public" signature="of(Stream&lt;? extends T&gt;) : RoundRobinValueSupplier&lt;T&gt;" num="45" count="0" type="method"/>
            <line num="48" count="0" type="stmt"/>
            <line num="50" count="0" type="stmt"/>
            <line complexity="1" visibility="public" signature="of(List&lt;? extends T&gt;) : RoundRobinValueSupplier&lt;T&gt;" num="65" count="44" type="method"/>
            <line num="68" count="44" type="stmt"/>
            <line num="70" count="44" type="stmt"/>
            <line complexity="1" visibility="private" signature="RoundRobinValueSupplier(T[])" num="78" count="65" type="method"/>
            <line num="80" count="65" type="stmt"/>
            <line num="81" count="65" type="stmt"/>
            <line num="83" count="65" type="stmt"/>
            <line complexity="1" visibility="public" signature="get() : T" num="86" count="966" type="method"/>
            <line num="89" count="966" type="stmt"/>
            <line num="90" count="966" type="stmt"/>
            <line num="91" count="966" type="stmt"/>
         </file>
         <file path="/home/runner/work/foxglove/foxglove/src/main/java/guru/mikelue/foxglove/functional/RowIndexToValue.java" name="RowIndexToValue.java">
            <metrics coveredelements="0" coveredconditionals="0" complexity="0" loc="11" coveredmethods="0" methods="0" elements="0" classes="1" ncloc="4" statements="0" conditionals="0" coveredstatements="0"/>
            <class name="RowIndexToValue">
               <metrics coveredelements="0" coveredconditionals="0" complexity="0" coveredmethods="0" methods="0" elements="0" statements="0" conditionals="0" coveredstatements="0"/>
            </class>
         </file>
         <file path="/home/runner/work/foxglove/foxglove/src/main/java/guru/mikelue/foxglove/functional/RowIndexToValueSupplier.java" name="RowIndexToValueSupplier.java">
            <metrics coveredelements="8" coveredconditionals="0" complexity="4" loc="57" coveredmethods="3" methods="4" elements="10" classes="1" ncloc="25" statements="6" conditionals="0" coveredstatements="5"/>
            <class name="RowIndexToValueSupplier">
               <metrics coveredelements="8" coveredconditionals="0" complexity="4" coveredmethods="3" methods="4" elements="10" statements="6" conditionals="0" coveredstatements="5"/>
            </class>
            <line complexity="1" visibility="public" signature="of(RowIndexToValue&lt;T&gt;) : RowIndexToValueSupplier&lt;T&gt;" num="24" count="4" type="method"/>
            <line num="26" count="4" type="stmt"/>
            <line complexity="1" visibility="private" signature="RowIndexToValueSupplier(RowIndexToValue&lt;T&gt;)" num="29" count="4" type="method"/>
            <line num="31" count="4" type="stmt"/>
            <line complexity="1" visibility="public" signature="get() : T" num="39" count="19" type="method"/>
            <line num="42" count="19" type="stmt"/>
            <line num="43" count="19" type="stmt"/>
            <line num="45" count="19" type="stmt"/>
            <line complexity="1" visibility="public" signature="getCurrentIndex() : int" num="53" count="0" type="method"/>
            <line num="55" count="0" type="stmt"/>
         </file>
         <file path="/home/runner/work/foxglove/foxglove/src/main/java/guru/mikelue/foxglove/functional/SequenceSupplier.java" name="SequenceSupplier.java">
            <metrics coveredelements="0" coveredconditionals="0" complexity="1" loc="34" coveredmethods="0" methods="1" elements="2" classes="1" ncloc="9" statements="1" conditionals="0" coveredstatements="0"/>
            <class name="SequenceSupplier">
               <metrics coveredelements="0" coveredconditionals="0" complexity="1" coveredmethods="0" methods="1" elements="2" statements="1" conditionals="0" coveredstatements="0"/>
            </class>
            <line complexity="1" visibility="package" signature="get() : T" num="16" count="0" type="method"/>
            <line num="18" count="0" type="stmt"/>
         </file>
         <file path="/home/runner/work/foxglove/foxglove/src/main/java/guru/mikelue/foxglove/functional/StatefulSupplier.java" name="StatefulSupplier.java">
            <metrics coveredelements="0" coveredconditionals="0" complexity="3" loc="49" coveredmethods="0" methods="3" elements="10" classes="2" ncloc="29" statements="7" conditionals="0" coveredstatements="0"/>
            <class name="StatefulSupplier">
               <metrics coveredelements="0" coveredconditionals="0" complexity="1" coveredmethods="0" methods="1" elements="2" statements="1" conditionals="0" coveredstatements="0"/>
            </class>
            <class name="ThreadSafeSupplierImpl">
               <metrics coveredelements="0" coveredconditionals="0" complexity="2" coveredmethods="0" methods="2" elements="8" statements="6" conditionals="0" coveredstatements="0"/>
            </class>
            <line complexity="1" visibility="package" signature="threadSafe(StatefulSupplier&lt;T&gt;) : StatefulSupplier&lt;T&gt;" num="22" count="0" type="method"/>
            <line num="24" count="0" type="stmt"/>
            <line complexity="1" visibility="package" signature="ThreadSafeSupplierImpl(StatefulSupplier&lt;? extends T&gt;)" num="32" count="0" type="method"/>
            <line num="34" count="0" type="stmt"/>
            <line complexity="1" visibility="public" signature="get() : T" num="37" count="0" type="method"/>
            <line num="40" count="0" type="stmt"/>
            <line num="42" count="0" type="stmt"/>
            <line num="43" count="0" type="stmt"/>
            <line num="44" count="0" type="stmt"/>
            <line num="46" count="0" type="stmt"/>
         </file>
         <file path="/home/runner/work/foxglove/foxglove/src/main/java/guru/mikelue/foxglove/functional/StreamOfTableFacetsProvider.java" name="StreamOfTableFacetsProvider.java">
            <metrics coveredelements="0" coveredconditionals="0" complexity="1" loc="31" coveredmethods="0" methods="1" elements="2" classes="1" ncloc="12" statements="1" conditionals="0" coveredstatements="0"/>
            <class name="StreamOfTableFacetsProvider">
               <metrics coveredelements="0" coveredconditionals="0" complexity="1" coveredmethods="0" methods="1" elements="2" statements="1" conditionals="0" coveredstatements="0"/>
            </class>
            <line complexity="1" visibility="package" signature="get() : List&lt;T&gt;" num="19" count="0" type="method"/>
            <line num="22" count="0" type="stmt"/>
         </file>
         <file path="/home/runner/work/foxglove/foxglove/src/main/java/guru/mikelue/foxglove/functional/SupplierDecider.java" name="SupplierDecider.java">
            <metrics coveredelements="0" coveredconditionals="0" complexity="0" loc="14" coveredmethods="0" methods="0" elements="0" classes="1" ncloc="6" statements="0" conditionals="0" coveredstatements="0"/>
            <class name="SupplierDecider">
               <metrics coveredelements="0" coveredconditionals="0" complexity="0" coveredmethods="0" methods="0" elements="0" statements="0" conditionals="0" coveredstatements="0"/>
            </class>
         </file>
         <file path="/home/runner/work/foxglove/foxglove/src/main/java/guru/mikelue/foxglove/functional/Suppliers.java" name="Suppliers.java">
            <metrics coveredelements="18" coveredconditionals="4" complexity="7" loc="122" coveredmethods="4" methods="5" elements="20" classes="1" ncloc="38" statements="11" conditionals="4" coveredstatements="10"/>
            <class name="Suppliers">
               <metrics coveredelements="18" coveredconditionals="4" complexity="7" coveredmethods="4" methods="5" elements="20" statements="11" conditionals="4" coveredstatements="10"/>
            </class>
            <line complexity="2" visibility="package" signature="rollingSupplier(Supplier&lt;? extends T&gt;,int,T) : Supplier&lt;T&gt;" num="33" count="5" type="method"/>
            <line num="34" count="5" type="stmt"/>
            <line num="37" count="5" type="stmt"/>
            <line num="38" count="44" type="stmt"/>
            <line falsecount="20" truecount="24" num="38" type="cond"/>
            <line num="39" count="24" type="stmt"/>
            <line num="42" count="20" type="stmt"/>
            <line complexity="1" visibility="package" signature="rollingSupplier(Supplier&lt;? extends T&gt;,int) : Supplier&lt;T&gt;" num="64" count="4" type="method"/>
            <line num="66" count="4" type="stmt"/>
            <line complexity="1" visibility="package" signature="rollingSupplier(Supplier&lt;? extends T&gt;) : Supplier&lt;T&gt;" num="88" count="0" type="method"/>
            <line num="90" count="0" type="stmt"/>
            <line complexity="1" visibility="package" signature="lazySupplier(Supplier&lt;? extends Supplier&lt;? extends T&gt;&gt;) : Supplier&lt;T&gt;" num="106" count="49" type="method"/>
            <line num="107" count="49" type="stmt"/>
            <line complexity="2" visibility="public" signature="get() : T" num="110" count="939" type="method"/>
            <line num="114" count="939" type="stmt"/>
            <line falsecount="890" truecount="49" num="114" type="cond"/>
            <line num="115" count="49" type="stmt"/>
            <line num="118" count="939" type="stmt"/>
         </file>
         <file path="/home/runner/work/foxglove/foxglove/src/main/java/guru/mikelue/foxglove/functional/TableFacetProvider.java" name="TableFacetProvider.java">
            <metrics coveredelements="2" coveredconditionals="0" complexity="1" loc="33" coveredmethods="1" methods="1" elements="2" classes="1" ncloc="12" statements="1" conditionals="0" coveredstatements="1"/>
            <class name="TableFacetProvider">
               <metrics coveredelements="2" coveredconditionals="0" complexity="1" coveredmethods="1" methods="1" elements="2" statements="1" conditionals="0" coveredstatements="1"/>
            </class>
            <line complexity="1" visibility="package" signature="get() : List&lt;T&gt;" num="21" count="15" type="method"/>
            <line num="24" count="15" type="stmt"/>
         </file>
         <file path="/home/runner/work/foxglove/foxglove/src/main/java/guru/mikelue/foxglove/functional/TableFacetsProvider.java" name="TableFacetsProvider.java">
            <metrics coveredelements="0" coveredconditionals="0" complexity="0" loc="17" coveredmethods="0" methods="0" elements="0" classes="1" ncloc="5" statements="0" conditionals="0" coveredstatements="0"/>
            <class name="TableFacetsProvider">
               <metrics coveredelements="0" coveredconditionals="0" complexity="0" coveredmethods="0" methods="0" elements="0" statements="0" conditionals="0" coveredstatements="0"/>
            </class>
         </file>
      </package>
      <package name="guru.mikelue.foxglove.jdbc">
         <metrics coveredelements="782" complexity="230" loc="3143" methods="139" classes="36" statements="615" coveredconditionals="110" coveredmethods="120" elements="880" ncloc="1876" files="22" conditionals="126" coveredstatements="552"/>
         <file path="/home/runner/work/foxglove/foxglove/src/main/java/guru/mikelue/foxglove/jdbc/CardinalityInfo.java" name="CardinalityInfo.java">
            <metrics coveredelements="33" coveredconditionals="6" complexity="7" loc="91" coveredmethods="4" methods="4" elements="33" classes="1" ncloc="68" statements="23" conditionals="6" coveredstatements="23"/>
            <class name="CardinalityInfo">
               <metrics coveredelements="33" coveredconditionals="6" complexity="7" coveredmethods="4" methods="4" elements="33" statements="23" conditionals="6" coveredstatements="23"/>
            </class>
            <line complexity="2" visibility="package" signature="CardinalityInfo(int,int,JdbcTableFacet,String)" num="25" count="10" type="method"/>
            <line num="29" count="10" type="stmt"/>
            <line num="30" count="10" type="stmt"/>
            <line num="32" count="10" type="stmt"/>
            <line falsecount="2" truecount="8" num="32" type="cond"/>
            <line num="33" count="8" type="stmt"/>
            <line num="35" count="2" type="stmt"/>
            <line complexity="1" visibility="package" signature="getNumberOfRows() : int" num="39" count="11" type="method"/>
            <line num="41" count="11" type="stmt"/>
            <line num="42" count="11" type="stmt"/>
            <line complexity="3" visibility="private" signature="init() : void" num="45" count="17" type="method"/>
            <line num="47" count="17" type="stmt"/>
            <line falsecount="10" truecount="7" num="47" type="cond"/>
            <line num="48" count="7" type="stmt"/>
            <line num="51" count="10" type="stmt"/>
            <line num="52" count="10" type="stmt"/>
            <line num="54" count="10" type="stmt"/>
            <line num="62" count="10" type="stmt"/>
            <line num="63" count="10" type="stmt"/>
            <line num="64" count="64" type="stmt"/>
            <line num="66" count="64" type="stmt"/>
            <line num="71" count="64" type="stmt"/>
            <line falsecount="64" truecount="212" num="71" type="cond"/>
            <line num="72" count="212" type="stmt"/>
            <line num="75" count="64" type="stmt"/>
            <line num="78" count="10" type="stmt"/>
            <line complexity="1" visibility="package" signature="buildLazySupplier() : Supplier&lt;T&gt;" num="82" count="6" type="method"/>
            <line num="84" count="6" type="stmt"/>
            <line num="86" count="6" type="stmt"/>
            <line num="87" count="6" type="stmt"/>
         </file>
         <file path="/home/runner/work/foxglove/foxglove/src/main/java/guru/mikelue/foxglove/jdbc/CartesianProductBuilder.java" name="CartesianProductBuilder.java">
            <metrics coveredelements="59" coveredconditionals="10" complexity="13" loc="143" coveredmethods="8" methods="8" elements="59" classes="1" ncloc="91" statements="41" conditionals="10" coveredstatements="41"/>
            <class name="CartesianProductBuilder">
               <metrics coveredelements="59" coveredconditionals="10" complexity="13" coveredmethods="8" methods="8" elements="59" statements="41" conditionals="10" coveredstatements="41"/>
            </class>
            <line complexity="1" visibility="package" signature="CartesianProductBuilder()" num="16" count="20" type="method"/>
            <line complexity="1" visibility="package" signature="putDomain(String,Supplier&lt;List&lt;T&gt;&gt;) : void" num="18" count="37" type="method"/>
            <line num="20" count="37" type="stmt"/>
            <line num="23" count="37" type="stmt"/>
            <line complexity="1" visibility="package" signature="getNumberOfRows() : int" num="26" count="23" type="method"/>
            <line num="28" count="23" type="stmt"/>
            <line num="29" count="23" type="stmt"/>
            <line complexity="1" visibility="package" signature="isExisting(String) : boolean" num="32" count="30" type="method"/>
            <line num="34" count="30" type="stmt"/>
            <line complexity="1" visibility="package" signature="getColumnNames() : List&lt;String&gt;" num="37" count="17" type="method"/>
            <line num="39" count="17" type="stmt"/>
            <line complexity="1" visibility="package" signature="buildLazySupplier(String) : Supplier&lt;T&gt;" num="42" count="32" type="method"/>
            <line num="45" count="32" type="stmt"/>
            <line num="46" count="32" type="stmt"/>
            <line num="48" count="32" type="stmt"/>
            <line num="49" count="32" type="stmt"/>
            <line complexity="4" visibility="private" signature="init() : void" num="53" count="55" type="method"/>
            <line num="55" count="55" type="stmt"/>
            <line falsecount="17" truecount="38" num="55" type="cond"/>
            <line num="56" count="38" type="stmt"/>
            <line num="59" count="17" type="stmt"/>
            <line num="64" count="17" type="stmt"/>
            <line num="65" count="17" type="stmt"/>
            <line num="73" count="17" type="stmt"/>
            <line num="74" count="17" type="stmt"/>
            <line num="77" count="17" type="stmt"/>
            <line num="78" count="34" type="stmt"/>
            <line num="79" count="34" type="stmt"/>
            <line num="79" count="34" type="stmt"/>
            <line num="81" count="34" type="stmt"/>
            <line num="87" count="34" type="stmt"/>
            <line falsecount="34" truecount="77" num="87" type="cond"/>
            <line num="88" count="77" type="stmt"/>
            <line num="93" count="297" type="stmt"/>
            <line falsecount="297" truecount="499" num="93" type="cond"/>
            <line num="94" count="499" type="stmt"/>
            <line num="98" count="297" type="stmt"/>
            <line num="103" count="34" type="stmt"/>
            <line complexity="3" visibility="private" signature="buildProductNumberOfRestColumns(Map&lt;String, List&lt;?&gt;&gt;,Map&lt;String, Integer&gt;) : int" num="109" count="17" type="method"/>
            <line num="112" count="17" type="stmt"/>
            <line num="113" count="17" type="stmt"/>
            <line num="119" count="17" type="stmt"/>
            <line falsecount="17" truecount="34" num="119" type="cond"/>
            <line num="120" count="34" type="stmt"/>
            <line num="121" count="34" type="stmt"/>
            <line num="122" count="34" type="stmt"/>
            <line num="124" count="34" type="stmt"/>
            <line falsecount="17" truecount="17" num="124" type="cond"/>
            <line num="125" count="17" type="stmt"/>
            <line num="126" count="17" type="stmt"/>
            <line num="129" count="17" type="stmt"/>
            <line num="136" count="17" type="stmt"/>
            <line num="137" count="17" type="stmt"/>
            <line num="141" count="17" type="stmt"/>
         </file>
         <file path="/home/runner/work/foxglove/foxglove/src/main/java/guru/mikelue/foxglove/jdbc/CartesianProductStepImpl.java" name="CartesianProductStepImpl.java">
            <metrics coveredelements="11" coveredconditionals="0" complexity="3" loc="39" coveredmethods="3" methods="3" elements="11" classes="1" ncloc="32" statements="8" conditionals="0" coveredstatements="8"/>
            <class name="CartesianProductStepImpl">
               <metrics coveredelements="11" coveredconditionals="0" complexity="3" coveredmethods="3" methods="3" elements="11" statements="8" conditionals="0" coveredstatements="8"/>
            </class>
            <line complexity="1" visibility="package" signature="CartesianProductStepImpl(JdbcTableFacet.Builder,Consumer&lt;Supplier&lt;List&lt;T&gt;&gt;&gt;)" num="14" count="27" type="method"/>
            <line num="18" count="27" type="stmt"/>
            <line num="19" count="27" type="stmt"/>
            <line complexity="1" visibility="public" signature="domain(List&lt;? extends T&gt;) : Builder" num="22" count="15" type="method"/>
            <line num="26" count="15" type="stmt"/>
            <line num="27" count="15" type="stmt"/>
            <line complexity="1" visibility="public" signature="referencing(JdbcTableFacet,String) : Builder" num="30" count="12" type="method"/>
            <line num="33" count="12" type="stmt"/>
            <line num="34" count="12" type="stmt"/>
            <line num="36" count="12" type="stmt"/>
            <line num="37" count="12" type="stmt"/>
         </file>
         <file path="/home/runner/work/foxglove/foxglove/src/main/java/guru/mikelue/foxglove/jdbc/ColumnFromStepImpl.java" name="ColumnFromStepImpl.java">
            <metrics coveredelements="19" coveredconditionals="0" complexity="5" loc="86" coveredmethods="5" methods="5" elements="19" classes="1" ncloc="72" statements="14" conditionals="0" coveredstatements="14"/>
            <class name="ColumnFromStepImpl">
               <metrics coveredelements="19" coveredconditionals="0" complexity="5" coveredmethods="5" methods="5" elements="19" statements="14" conditionals="0" coveredstatements="14"/>
            </class>
            <line complexity="1" visibility="package" signature="ColumnFromStepImpl(Builder,JdbcTableFacet,String,Consumer&lt;Supplier&lt;?&gt;&gt;)" num="22" count="11" type="method"/>
            <line num="27" count="11" type="stmt"/>
            <line complexity="1" visibility="private" signature="ColumnFromStepImpl(Builder,Supplier&lt;List&lt;T&gt;&gt;,Consumer&lt;Supplier&lt;?&gt;&gt;)" num="34" count="12" type="method"/>
            <line num="39" count="12" type="stmt"/>
            <line num="40" count="12" type="stmt"/>
            <line num="41" count="12" type="stmt"/>
            <line complexity="1" visibility="public" signature="roundRobin() : Builder" num="44" count="6" type="method"/>
            <line num="47" count="6" type="stmt"/>
            <line num="53" count="6" type="stmt"/>
            <line complexity="1" visibility="public" signature="random() : Builder" num="56" count="5" type="method"/>
            <line num="59" count="5" type="stmt"/>
            <line num="61" count="5" type="stmt"/>
            <line num="62" count="5" type="stmt"/>
            <line num="64" count="5" type="stmt"/>
            <line num="67" count="5" type="stmt"/>
            <line num="69" count="5" type="stmt"/>
            <line complexity="1" visibility="public" signature="transformDomain(Function&lt;? super Stream&lt;T&gt;, ? extends Stream&lt;V&gt;&gt;) : ColumnFromStep&lt;V&gt;" num="72" count="1" type="method"/>
            <line num="75" count="1" type="stmt"/>
            <line num="81" count="1" type="stmt"/>
         </file>
         <file path="/home/runner/work/foxglove/foxglove/src/main/java/guru/mikelue/foxglove/jdbc/ColumnInclusionMode.java" name="ColumnInclusionMode.java">
            <metrics coveredelements="0" coveredconditionals="0" complexity="0" loc="5" coveredmethods="0" methods="0" elements="0" classes="1" ncloc="4" statements="0" conditionals="0" coveredstatements="0"/>
            <class name="ColumnInclusionMode">
               <metrics coveredelements="0" coveredconditionals="0" complexity="0" coveredmethods="0" methods="0" elements="0" statements="0" conditionals="0" coveredstatements="0"/>
            </class>
         </file>
         <file path="/home/runner/work/foxglove/foxglove/src/main/java/guru/mikelue/foxglove/jdbc/ColumnSettingStepImpl.java" name="ColumnSettingStepImpl.java">
            <metrics coveredelements="29" coveredconditionals="0" complexity="8" loc="96" coveredmethods="8" methods="8" elements="29" classes="1" ncloc="80" statements="21" conditionals="0" coveredstatements="21"/>
            <class name="ColumnSettingStepImpl">
               <metrics coveredelements="29" coveredconditionals="0" complexity="8" coveredmethods="8" methods="8" elements="29" statements="21" conditionals="0" coveredstatements="21"/>
            </class>
            <line complexity="1" visibility="package" signature="ColumnSettingStepImpl(Builder,Consumer&lt;SupplierDecider&lt;?&gt;&gt;)" num="24" count="111" type="method"/>
            <line num="26" count="111" type="stmt"/>
            <line num="27" count="111" type="stmt"/>
            <line complexity="1" visibility="public" signature="useSpec(Supplier&lt;ValueSpec&lt;? extends T&gt;&gt;) : Builder" num="30" count="2" type="method"/>
            <line num="33" count="2" type="stmt"/>
            <line num="34" count="2" type="stmt"/>
            <line num="36" count="2" type="stmt"/>
            <line complexity="1" visibility="public" signature="useSupplier(Supplier&lt;? extends T&gt;) : Builder" num="39" count="100" type="method"/>
            <line num="42" count="100" type="stmt"/>
            <line num="43" count="57" type="stmt"/>
            <line num="45" count="100" type="stmt"/>
            <line complexity="1" visibility="public" signature="decideSupplier(SupplierDecider&lt;? extends T&gt;) : Builder" num="48" count="1" type="method"/>
            <line num="51" count="1" type="stmt"/>
            <line num="52" count="1" type="stmt"/>
            <line num="54" count="1" type="stmt"/>
            <line complexity="1" visibility="public" signature="fixed(T) : Builder" num="57" count="72" type="method"/>
            <line num="60" count="72" type="stmt"/>
            <line complexity="1" visibility="public" signature="roundRobin(T) : Builder" num="63" count="20" type="method"/>
            <line num="66" count="20" type="stmt"/>
            <line num="68" count="20" type="stmt"/>
            <line complexity="1" visibility="public" signature="forRow(RowIndexToValue&lt;? extends T&gt;) : Builder" num="71" count="3" type="method"/>
            <line num="74" count="3" type="stmt"/>
            <line complexity="1" visibility="public" signature="from(JdbcTableFacet,String) : ColumnFromStep&lt;T&gt;" num="79" count="8" type="method"/>
            <line num="82" count="8" type="stmt"/>
            <line num="84" count="8" type="stmt"/>
            <line num="85" count="8" type="stmt"/>
            <line num="87" count="8" type="stmt"/>
            <line num="88" count="8" type="stmt"/>
            <line num="92" count="8" type="stmt"/>
         </file>
         <file path="/home/runner/work/foxglove/foxglove/src/main/java/guru/mikelue/foxglove/jdbc/ColumnSettingSteps.java" name="ColumnSettingSteps.java">
            <metrics coveredelements="17" coveredconditionals="0" complexity="11" loc="422" coveredmethods="5" methods="11" elements="33" classes="7" ncloc="106" statements="22" conditionals="0" coveredstatements="12"/>
            <class name="ColumnSettingSteps">
               <metrics coveredelements="0" coveredconditionals="0" complexity="0" coveredmethods="0" methods="0" elements="0" statements="0" conditionals="0" coveredstatements="0"/>
            </class>
            <class name="ColumnSettingSteps.ColumnSimpleStep">
               <metrics coveredelements="3" coveredconditionals="0" complexity="2" coveredmethods="1" methods="2" elements="6" statements="4" conditionals="0" coveredstatements="2"/>
            </class>
            <class name="ColumnSettingSteps.ColumnFromStep">
               <metrics coveredelements="0" coveredconditionals="0" complexity="0" coveredmethods="0" methods="0" elements="0" statements="0" conditionals="0" coveredstatements="0"/>
            </class>
            <class name="ColumnSettingSteps.ReferenceSettingStep">
               <metrics coveredelements="0" coveredconditionals="0" complexity="0" coveredmethods="0" methods="0" elements="0" statements="0" conditionals="0" coveredstatements="0"/>
            </class>
            <class name="ColumnSettingSteps.ReferenceSettingStep.CardinalityStep">
               <metrics coveredelements="0" coveredconditionals="0" complexity="0" coveredmethods="0" methods="0" elements="0" statements="0" conditionals="0" coveredstatements="0"/>
            </class>
            <class name="ColumnSettingSteps.KeyOfIntSettingStep">
               <metrics coveredelements="7" coveredconditionals="0" complexity="7" coveredmethods="3" methods="7" elements="17" statements="10" conditionals="0" coveredstatements="4"/>
            </class>
            <class name="ColumnSettingSteps.CartesianProductSettingStep">
               <metrics coveredelements="7" coveredconditionals="0" complexity="2" coveredmethods="1" methods="2" elements="10" statements="8" conditionals="0" coveredstatements="6"/>
            </class>
            <line complexity="1" visibility="package" signature="roundRobin(Stream&lt;? extends T&gt;) : Builder" num="82" count="0" type="method"/>
            <line num="85" count="0" type="stmt"/>
            <line num="87" count="0" type="stmt"/>
            <line complexity="1" visibility="package" signature="roundRobin(List&lt;? extends T&gt;) : Builder" num="99" count="4" type="method"/>
            <line num="102" count="4" type="stmt"/>
            <line num="104" count="4" type="stmt"/>
            <line complexity="1" visibility="package" signature="range(long) : Builder" num="210" count="0" type="method"/>
            <line num="212" count="0" type="stmt"/>
            <line complexity="1" visibility="package" signature="range(long,long) : Builder" num="226" count="4" type="method"/>
            <line num="228" count="4" type="stmt"/>
            <line complexity="1" visibility="package" signature="limit(int) : Builder" num="256" count="0" type="method"/>
            <line num="258" count="0" type="stmt"/>
            <line complexity="1" visibility="package" signature="limit(long,int) : Builder" num="272" count="17" type="method"/>
            <line num="274" count="17" type="stmt"/>
            <line complexity="1" visibility="package" signature="domain(Stream&lt;Long&gt;) : Builder" num="302" count="0" type="method"/>
            <line num="304" count="0" type="stmt"/>
            <line num="306" count="0" type="stmt"/>
            <line complexity="1" visibility="package" signature="domain(List&lt;Long&gt;) : Builder" num="322" count="3" type="method"/>
            <line num="324" count="3" type="stmt"/>
            <line num="326" count="3" type="stmt"/>
            <line complexity="1" visibility="package" signature="domain(LongStream) : Builder" num="342" count="0" type="method"/>
            <line num="344" count="0" type="stmt"/>
            <line num="346" count="0" type="stmt"/>
            <line complexity="1" visibility="package" signature="domain(T) : Builder" num="375" count="12" type="method"/>
            <line num="378" count="12" type="stmt"/>
            <line num="379" count="12" type="stmt"/>
            <line num="381" count="12" type="stmt"/>
            <line num="382" count="12" type="stmt"/>
            <line num="383" count="31" type="stmt"/>
            <line num="386" count="12" type="stmt"/>
            <line complexity="1" visibility="package" signature="domain(Stream&lt;? extends T&gt;) : Builder" num="396" count="0" type="method"/>
            <line num="398" count="0" type="stmt"/>
            <line num="400" count="0" type="stmt"/>
         </file>
         <file path="/home/runner/work/foxglove/foxglove/src/main/java/guru/mikelue/foxglove/jdbc/GeneratedValueLoader.java" name="GeneratedValueLoader.java">
            <metrics coveredelements="41" coveredconditionals="11" complexity="9" loc="109" coveredmethods="3" methods="3" elements="42" classes="1" ncloc="77" statements="27" conditionals="12" coveredstatements="27"/>
            <class name="GeneratedValueLoader">
               <metrics coveredelements="41" coveredconditionals="11" complexity="9" coveredmethods="3" methods="3" elements="42" statements="27" conditionals="12" coveredstatements="27"/>
            </class>
            <line complexity="1" visibility="package" signature="GeneratedValueLoader(String[])" num="32" count="109" type="method"/>
            <line num="34" count="109" type="stmt"/>
            <line complexity="3" visibility="package" signature="toTuples(ResultSet) : List&lt;TupleAccessor&gt;" num="37" count="131" type="method"/>
            <line num="39" count="131" type="stmt"/>
            <line num="41" count="131" type="stmt"/>
            <line num="43" count="131" type="stmt"/>
            <line num="44" count="131" type="stmt"/>
            <line falsecount="131" truecount="1361" num="44" type="cond"/>
            <line num="45" count="1361" type="stmt"/>
            <line num="47" count="1361" type="stmt"/>
            <line falsecount="1361" truecount="2117" num="47" type="cond"/>
            <line num="48" count="2117" type="stmt"/>
            <line num="51" count="1361" type="stmt"/>
            <line num="52" count="1361" type="stmt"/>
            <line num="54" count="1361" type="stmt"/>
            <line num="55" count="1361" type="stmt"/>
            <line num="58" count="131" type="stmt"/>
            <line num="60" count="131" type="stmt"/>
            <line complexity="5" visibility="private" signature="initMetadata(ResultSet) : void" num="63" count="131" type="method"/>
            <line num="65" count="131" type="stmt"/>
            <line falsecount="109" truecount="22" num="65" type="cond"/>
            <line num="66" count="22" type="stmt"/>
            <line num="69" count="109" type="stmt"/>
            <line falsecount="62" truecount="47" num="69" type="cond"/>
            <line num="70" count="47" type="stmt"/>
            <line num="71" count="47" type="stmt"/>
            <line num="74" count="47" type="stmt"/>
            <line num="81" count="62" type="stmt"/>
            <line num="83" count="62" type="stmt"/>
            <line falsecount="62" truecount="63" num="83" type="cond"/>
            <line num="84" count="63" type="stmt"/>
            <line num="86" count="63" type="stmt"/>
            <line num="94" count="62" type="stmt"/>
            <line num="99" count="62" type="stmt"/>
            <line falsecount="0" truecount="62" num="99" type="cond"/>
            <line num="100" count="62" type="stmt"/>
         </file>
         <file path="/home/runner/work/foxglove/foxglove/src/main/java/guru/mikelue/foxglove/jdbc/JdbcDataGenerator.java" name="JdbcDataGenerator.java">
            <metrics coveredelements="71" coveredconditionals="8" complexity="25" loc="284" coveredmethods="7" methods="8" elements="89" classes="2" ncloc="192" statements="69" conditionals="12" coveredstatements="56"/>
            <class name="JdbcDataGenerator">
               <metrics coveredelements="27" coveredconditionals="2" complexity="16" coveredmethods="4" methods="5" elements="42" statements="33" conditionals="4" coveredstatements="21"/>
            </class>
            <class name="DataGeneratorWorker">
               <metrics coveredelements="44" coveredconditionals="6" complexity="9" coveredmethods="3" methods="3" elements="47" statements="36" conditionals="8" coveredstatements="35"/>
            </class>
            <line complexity="4" visibility="public" signature="JdbcDataGenerator(DataSource)" num="47" count="55" type="method"/>
            <line num="49" count="55" type="stmt"/>
            <line num="50" count="55" type="stmt"/>
            <line num="52" count="55" type="stmt"/>
            <line num="52" count="55" type="stmt"/>
            <line num="53" count="55" type="stmt"/>
            <line num="55" count="0" type="stmt"/>
            <line complexity="1" visibility="public" signature="JdbcDataGenerator(Connection)" num="64" count="4" type="method"/>
            <line num="66" count="4" type="stmt"/>
            <line num="67" count="4" type="stmt"/>
            <line num="69" count="4" type="stmt"/>
            <line complexity="1" visibility="public" signature="setBatchSize(int) : JdbcDataGenerator" num="79" count="0" type="method"/>
            <line num="81" count="0" type="stmt"/>
            <line num="83" count="0" type="stmt"/>
            <line num="85" count="0" type="stmt"/>
            <line complexity="9" visibility="public" signature="generate(List&lt;JdbcTableFacet&gt;) : int" num="88" count="58" type="method"/>
            <line num="92" count="58" type="stmt"/>
            <line num="94" count="58" type="stmt"/>
            <line num="96" count="58" type="stmt"/>
            <line falsecount="54" truecount="4" num="96" type="cond"/>
            <line num="97" count="4" type="stmt"/>
            <line num="98" count="4" type="stmt"/>
            <line num="100" count="4" type="stmt"/>
            <line num="108" count="0" type="stmt"/>
            <line num="109" count="0" type="stmt"/>
            <line num="111" count="0" type="stmt"/>
            <line num="114" count="0" type="stmt"/>
            <line num="118" count="54" type="stmt"/>
            <line num="118" count="54" type="stmt"/>
            <line num="119" count="54" type="stmt"/>
            <line num="121" count="54" type="stmt"/>
            <line num="122" count="54" type="stmt"/>
            <line num="129" count="0" type="stmt"/>
            <line falsecount="0" truecount="0" num="129" type="cond"/>
            <line num="130" count="0" type="stmt"/>
            <line num="132" count="0" type="stmt"/>
            <line num="135" count="0" type="stmt"/>
            <line complexity="1" visibility="public" signature="withSetting(DataSettingInfo) : DataGenerator&lt;JdbcTableFacet&gt;" num="147" count="1" type="method"/>
            <line num="150" count="1" type="stmt"/>
            <line num="151" count="1" type="stmt"/>
            <line complexity="1" visibility="package" signature="DataGeneratorWorker(List&lt;JdbcTableFacet&gt;,MetaDataCache,Optional&lt;DataSettingInfo&gt;,TransactionGear)" num="163" count="58" type="method"/>
            <line num="169" count="58" type="stmt"/>
            <line num="170" count="58" type="stmt"/>
            <line num="171" count="58" type="stmt"/>
            <line num="172" count="58" type="stmt"/>
            <line complexity="3" visibility="package" signature="generate() : int" num="175" count="58" type="method"/>
            <line num="177" count="58" type="stmt"/>
            <line num="179" count="58" type="stmt"/>
            <line num="179" count="58" type="stmt"/>
            <line num="180" count="58" type="stmt"/>
            <line num="181" count="88" type="stmt"/>
            <line num="186" count="88" type="stmt"/>
            <line num="192" count="58" type="stmt"/>
            <line complexity="5" visibility="private" signature="doInsertForTable(JdbcTxWorker,JdbcTableFacet,DataSettingInfo) : int" num="202" count="88" type="method"/>
            <line num="207" count="88" type="stmt"/>
            <line num="208" count="88" type="stmt"/>
            <line falsecount="88" truecount="0" num="208" type="cond"/>
            <line num="209" count="0" type="stmt"/>
            <line num="215" count="88" type="stmt"/>
            <line num="220" count="88" type="stmt"/>
            <line num="221" count="88" type="stmt"/>
            <line num="226" count="1049" type="stmt"/>
            <line falsecount="288" truecount="761" num="226" type="cond"/>
            <line num="227" count="761" type="stmt"/>
            <line num="231" count="288" type="stmt"/>
            <line num="232" count="288" type="stmt"/>
            <line num="238" count="88" type="stmt"/>
            <line num="246" count="88" type="stmt"/>
            <line num="247" count="88" type="stmt"/>
            <line falsecount="0" truecount="88" num="247" type="cond"/>
            <line num="248" count="88" type="stmt"/>
            <line num="258" count="88" type="stmt"/>
            <line falsecount="86" truecount="2" num="258" type="cond"/>
            <line num="260" count="88" type="stmt"/>
            <line num="261" count="88" type="stmt"/>
            <line num="262" count="88" type="stmt"/>
            <line num="264" count="88" type="stmt"/>
            <line num="268" count="1359" type="stmt"/>
            <line num="269" count="1359" type="stmt"/>
            <line num="273" count="1359" type="stmt"/>
            <line num="275" count="1359" type="stmt"/>
            <line num="276" count="1359" type="stmt"/>
            <line num="278" count="1359" type="stmt"/>
         </file>
         <file path="/home/runner/work/foxglove/foxglove/src/main/java/guru/mikelue/foxglove/jdbc/JdbcTableFacet.java" name="JdbcTableFacet.java">
            <metrics coveredelements="134" coveredconditionals="22" complexity="34" loc="633" coveredmethods="23" methods="23" elements="134" classes="2" ncloc="263" statements="89" conditionals="22" coveredstatements="89"/>
            <class name="JdbcTableFacet">
               <metrics coveredelements="52" coveredconditionals="14" complexity="17" coveredmethods="10" methods="10" elements="52" statements="28" conditionals="14" coveredstatements="28"/>
            </class>
            <class name="JdbcTableFacet.Builder">
               <metrics coveredelements="82" coveredconditionals="8" complexity="17" coveredmethods="13" methods="13" elements="82" statements="61" conditionals="8" coveredstatements="61"/>
            </class>
            <line complexity="1" visibility="public" signature="builder(String) : Builder" num="52" count="397" type="method"/>
            <line num="54" count="397" type="stmt"/>
            <line complexity="1" visibility="private" signature="Builder(String)" num="210" count="397" type="method"/>
            <line num="212" count="397" type="stmt"/>
            <line num="214" count="397" type="stmt"/>
            <line num="216" count="397" type="stmt"/>
            <line num="217" count="397" type="stmt"/>
            <line complexity="1" visibility="public" signature="numberOfRows(int) : Builder" num="227" count="111" type="method"/>
            <line num="229" count="111" type="stmt"/>
            <line num="230" count="109" type="stmt"/>
            <line num="231" count="109" type="stmt"/>
            <line num="233" count="109" type="stmt"/>
            <line num="234" count="109" type="stmt"/>
            <line complexity="1" visibility="public" signature="keyOfInt(String) : KeyOfIntSettingStep" num="250" count="26" type="method"/>
            <line num="252" count="26" type="stmt"/>
            <line num="253" count="24" type="stmt"/>
            <line num="254" count="24" type="stmt"/>
            <line num="256" count="24" type="stmt"/>
            <line num="259" count="24" type="stmt"/>
            <line num="261" count="24" type="stmt"/>
            <line num="263" count="24" type="stmt"/>
            <line complexity="1" visibility="public" signature="referencing(String) : ReferenceSettingStep&lt;T&gt;" num="283" count="6" type="method"/>
            <line num="286" count="6" type="stmt"/>
            <line num="288" count="6" type="stmt"/>
            <line num="289" count="6" type="stmt"/>
            <line num="291" count="6" type="stmt"/>
            <line num="294" count="6" type="stmt"/>
            <line num="295" count="6" type="stmt"/>
            <line complexity="2" visibility="public" signature="cartesianProduct(String) : CartesianProductSettingStep&lt;T&gt;" num="311" count="28" type="method"/>
            <line num="313" count="28" type="stmt"/>
            <line num="318" count="27" type="stmt"/>
            <line num="320" count="27" type="stmt"/>
            <line falsecount="11" truecount="16" num="320" type="cond"/>
            <line num="321" count="16" type="stmt"/>
            <line num="324" count="27" type="stmt"/>
            <line num="326" count="27" type="stmt"/>
            <line complexity="1" visibility="public" signature="column(String) : ColumnSimpleStep&lt;T&gt;" num="340" count="116" type="method"/>
            <line num="342" count="116" type="stmt"/>
            <line num="344" count="111" type="stmt"/>
            <line num="346" count="111" type="stmt"/>
            <line complexity="1" visibility="public" signature="includeColumns(String) : Builder" num="361" count="16" type="method"/>
            <line num="363" count="16" type="stmt"/>
            <line num="367" count="16" type="stmt"/>
            <line num="371" count="16" type="stmt"/>
            <line num="372" count="27" type="stmt"/>
            <line num="375" count="14" type="stmt"/>
            <line complexity="1" visibility="public" signature="excludeColumns(String) : Builder" num="389" count="11" type="method"/>
            <line num="391" count="11" type="stmt"/>
            <line num="395" count="10" type="stmt"/>
            <line num="399" count="10" type="stmt"/>
            <line num="400" count="18" type="stmt"/>
            <line num="403" count="8" type="stmt"/>
            <line complexity="1" visibility="public" signature="onTupleGenerated(Consumer&lt;TupleAccessor&gt;) : Builder" num="415" count="3" type="method"/>
            <line num="417" count="3" type="stmt"/>
            <line num="419" count="3" type="stmt"/>
            <line num="420" count="3" type="stmt"/>
            <line complexity="1" visibility="public" signature="withSetting(DataSettingInfo) : Builder" num="431" count="4" type="method"/>
            <line num="434" count="4" type="stmt"/>
            <line num="436" count="4" type="stmt"/>
            <line num="437" count="4" type="stmt"/>
            <line complexity="2" visibility="public" signature="build() : JdbcTableFacet" num="445" count="375" type="method"/>
            <line num="450" count="375" type="stmt"/>
            <line falsecount="362" truecount="13" num="450" type="cond"/>
            <line num="451" count="13" type="stmt"/>
            <line num="453" count="13" type="stmt"/>
            <line num="454" count="24" type="stmt"/>
            <line num="462" count="375" type="stmt"/>
            <line complexity="2" visibility="private" signature="validateRowNumberIntegrity(String) : void" num="465" count="143" type="method"/>
            <line num="467" count="143" type="stmt"/>
            <line falsecount="111" truecount="32" num="470" type="cond"/>
            <line complexity="2" visibility="private" signature="safeColumnName(String) : String" num="474" count="218" type="method"/>
            <line num="476" count="218" type="stmt"/>
            <line num="477" count="218" type="stmt"/>
            <line num="482" count="218" type="stmt"/>
            <line num="485" count="216" type="stmt"/>
            <line num="488" count="214" type="stmt"/>
            <line num="492" count="210" type="stmt"/>
            <line falsecount="180" truecount="30" num="492" type="cond"/>
            <line num="493" count="30" type="stmt"/>
            <line num="499" count="209" type="stmt"/>
            <line complexity="1" visibility="private" signature="JdbcTableFacet()" num="524" count="397" type="method"/>
            <line complexity="1" visibility="public" signature="tableName() : String" num="529" count="495" type="method"/>
            <line num="532" count="495" type="stmt"/>
            <line complexity="3" visibility="public" signature="getNumberOfRows() : int" num="538" count="111" type="method"/>
            <line num="541" count="111" type="stmt"/>
            <line falsecount="2" truecount="109" num="541" type="cond"/>
            <line num="542" count="109" type="stmt"/>
            <line num="545" count="2" type="stmt"/>
            <line falsecount="1" truecount="1" num="545" type="cond"/>
            <line num="546" count="1" type="stmt"/>
            <line num="549" count="1" type="stmt"/>
            <line complexity="2" visibility="package" signature="resolveSupplier(ColumnMeta) : Optional&lt;Supplier&lt;T&gt;&gt;" num="559" count="773" type="method"/>
            <line num="562" count="773" type="stmt"/>
            <line num="564" count="773" type="stmt"/>
            <line falsecount="659" truecount="114" num="564" type="cond"/>
            <line num="565" count="114" type="stmt"/>
            <line num="567" count="114" type="stmt"/>
            <line num="570" count="659" type="stmt"/>
            <line complexity="1" visibility="public" signature="getSetting() : Optional&lt;DataSettingInfo&gt;" num="576" count="88" type="method"/>
            <line num="579" count="88" type="stmt"/>
            <line complexity="1" visibility="package" signature="getValueTomb() : ValueTomb" num="582" count="152" type="method"/>
            <line num="584" count="152" type="stmt"/>
            <line complexity="1" visibility="package" signature="getConfiguredNamesOfColumn() : List&lt;String&gt;" num="587" count="91" type="method"/>
            <line num="589" count="91" type="stmt"/>
            <line num="594" count="91" type="stmt"/>
            <line num="595" count="91" type="stmt"/>
            <line num="596" count="91" type="stmt"/>
            <line num="598" count="91" type="stmt"/>
            <line complexity="5" visibility="package" signature="getColumnInclusion(ColumnMeta) : ColumnInclusionMode" num="609" count="1072" type="method"/>
            <line num="611" count="1072" type="stmt"/>
            <line num="613" count="1072" type="stmt"/>
            <line falsecount="966" truecount="106" num="613" type="cond"/>
            <line num="614" count="106" type="stmt"/>
            <line num="617" count="966" type="stmt"/>
            <line falsecount="918" truecount="48" num="617" type="cond"/>
            <line num="618" count="48" type="stmt"/>
            <line falsecount="34" truecount="14" num="618" type="cond"/>
            <line num="622" count="918" type="stmt"/>
            <line falsecount="908" truecount="10" num="622" type="cond"/>
            <line num="623" count="10" type="stmt"/>
            <line num="626" count="908" type="stmt"/>
            <line complexity="1" visibility="package" signature="getHandlerOfTuple() : Consumer&lt;TupleAccessor&gt;" num="629" count="91" type="method"/>
            <line num="631" count="91" type="stmt"/>
         </file>
         <file path="/home/runner/work/foxglove/foxglove/src/main/java/guru/mikelue/foxglove/jdbc/JdbcTxWorker.java" name="JdbcTxWorker.java">
            <metrics coveredelements="94" coveredconditionals="22" complexity="30" loc="293" coveredmethods="9" methods="12" elements="111" classes="5" ncloc="210" statements="75" conditionals="24" coveredstatements="63"/>
            <class name="JdbcTxWorker">
               <metrics coveredelements="53" coveredconditionals="15" complexity="14" coveredmethods="4" methods="4" elements="54" statements="34" conditionals="16" coveredstatements="34"/>
            </class>
            <class name="JdbcTxWorker.InsertionContext">
               <metrics coveredelements="0" coveredconditionals="0" complexity="0" coveredmethods="0" methods="0" elements="0" statements="0" conditionals="0" coveredstatements="0"/>
            </class>
            <class name="BatchWorker">
               <metrics coveredelements="17" coveredconditionals="3" complexity="4" coveredmethods="2" methods="2" elements="19" statements="13" conditionals="4" coveredstatements="12"/>
            </class>
            <class name="PluralBatchWorker">
               <metrics coveredelements="24" coveredconditionals="4" complexity="7" coveredmethods="3" methods="3" elements="24" statements="17" conditionals="4" coveredstatements="17"/>
            </class>
            <class name="SingleBatchWorker">
               <metrics coveredelements="0" coveredconditionals="0" complexity="5" coveredmethods="0" methods="3" elements="14" statements="11" conditionals="0" coveredstatements="0"/>
            </class>
            <line complexity="2" visibility="package" signature="JdbcTxWorker(TransactionGear)" num="40" count="70" type="method"/>
            <line num="43" count="70" type="stmt"/>
            <line num="44" count="70" type="stmt"/>
            <line num="46" count="70" type="stmt"/>
            <line num="48" count="70" type="stmt"/>
            <line falsecount="10" truecount="60" num="48" type="cond"/>
            <line num="49" count="60" type="stmt"/>
            <line complexity="2" visibility="public" signature="close() : void" num="55" count="70" type="method"/>
            <line num="58" count="70" type="stmt"/>
            <line num="59" count="70" type="stmt"/>
            <line num="61" count="70" type="stmt"/>
            <line falsecount="10" truecount="60" num="61" type="cond"/>
            <line num="62" count="60" type="stmt"/>
            <line complexity="7" visibility="package" signature="performInsert(InsertionContext,Consumer&lt;List&lt;TupleAccessor&gt;&gt;) : int" num="72" count="108" type="method"/>
            <line num="77" count="108" type="stmt"/>
            <line num="78" count="108" type="stmt"/>
            <line num="80" count="108" type="stmt"/>
            <line num="85" count="108" type="stmt"/>
            <line num="85" count="108" type="stmt"/>
            <line falsecount="47" truecount="61" num="85" type="cond"/>
            <line num="89" count="108" type="stmt"/>
            <line num="94" count="108" type="stmt"/>
            <line num="96" count="108" type="stmt"/>
            <line falsecount="108" truecount="1597" num="96" type="cond"/>
            <line num="97" count="1597" type="stmt"/>
            <line num="99" count="1597" type="stmt"/>
            <line falsecount="0" truecount="1597" num="99" type="cond"/>
            <line num="100" count="1597" type="stmt"/>
            <line num="104" count="1597" type="stmt"/>
            <line num="106" count="1597" type="stmt"/>
            <line num="107" count="1597" type="stmt"/>
            <line falsecount="1565" truecount="32" num="107" type="cond"/>
            <line num="108" count="32" type="stmt"/>
            <line num="115" count="108" type="stmt"/>
            <line num="119" count="108" type="stmt"/>
            <line complexity="3" visibility="private" signature="commitIfNeeded() : void" num="122" count="102" type="method"/>
            <line num="124" count="102" type="stmt"/>
            <line falsecount="76" truecount="26" num="124" type="cond"/>
            <line num="125" count="26" type="stmt"/>
            <line num="126" count="26" type="stmt"/>
            <line num="127" count="26" type="stmt"/>
            <line num="130" count="76" type="stmt"/>
            <line falsecount="2" truecount="74" num="130" type="cond"/>
            <line num="131" count="74" type="stmt"/>
            <line num="132" count="74" type="stmt"/>
            <line num="133" count="74" type="stmt"/>
            <line complexity="2" visibility="package" signature="newInstance(String,PreparedStatement,String[],Consumer&lt;List&lt;TupleAccessor&gt;&gt;,int) : BatchWorker" num="162" count="108" type="method"/>
            <line num="168" count="108" type="stmt"/>
            <line falsecount="108" truecount="0" num="168" type="cond"/>
            <line num="169" count="0" type="stmt"/>
            <line num="174" count="108" type="stmt"/>
            <line complexity="2" visibility="package" signature="setParams(PreparedStatement,Map&lt;ColumnMeta, Object&gt;) : void" num="182" count="1597" type="method"/>
            <line num="185" count="1597" type="stmt"/>
            <line num="186" count="1597" type="stmt"/>
            <line num="187" count="12032" type="stmt"/>
            <line num="188" count="12032" type="stmt"/>
            <line num="190" count="12032" type="stmt"/>
            <line falsecount="11933" truecount="99" num="190" type="cond"/>
            <line num="191" count="99" type="stmt"/>
            <line num="192" count="99" type="stmt"/>
            <line num="193" count="99" type="stmt"/>
            <line num="196" count="11933" type="stmt"/>
            <line num="197" count="11933" type="stmt"/>
            <line complexity="1" visibility="package" signature="PluralBatchWorker(PreparedStatement,String[],Consumer&lt;List&lt;TupleAccessor&gt;&gt;,int)" num="211" count="108" type="method"/>
            <line num="216" count="108" type="stmt"/>
            <line num="217" count="108" type="stmt"/>
            <line num="218" count="108" type="stmt"/>
            <line num="219" count="108" type="stmt"/>
            <line complexity="2" visibility="public" signature="addBatch(Map&lt;ColumnMeta, Object&gt;) : void" num="222" count="1597" type="method"/>
            <line num="225" count="1597" type="stmt"/>
            <line num="227" count="1597" type="stmt"/>
            <line num="228" count="1597" type="stmt"/>
            <line num="230" count="1597" type="stmt"/>
            <line falsecount="1569" truecount="28" num="230" type="cond"/>
            <line num="231" count="28" type="stmt"/>
            <line complexity="4" visibility="public" signature="executeBatch() : void" num="235" count="136" type="method"/>
            <line num="238" count="136" type="stmt"/>
            <line falsecount="130" truecount="6" num="238" type="cond"/>
            <line num="239" count="6" type="stmt"/>
            <line num="242" count="130" type="stmt"/>
            <line num="244" count="130" type="stmt"/>
            <line num="245" count="130" type="stmt"/>
            <line num="247" count="130" type="stmt"/>
            <line num="247" count="130" type="stmt"/>
            <line num="248" count="130" type="stmt"/>
            <line complexity="1" visibility="package" signature="SingleBatchWorker(PreparedStatement,String[],Consumer&lt;List&lt;TupleAccessor&gt;&gt;)" num="263" count="0" type="method"/>
            <line num="267" count="0" type="stmt"/>
            <line num="268" count="0" type="stmt"/>
            <line num="269" count="0" type="stmt"/>
            <line complexity="3" visibility="public" signature="addBatch(Map&lt;ColumnMeta, Object&gt;) : void" num="272" count="0" type="method"/>
            <line num="275" count="0" type="stmt"/>
            <line num="277" count="0" type="stmt"/>
            <line num="278" count="0" type="stmt"/>
            <line num="280" count="0" type="stmt"/>
            <line num="280" count="0" type="stmt"/>
            <line num="281" count="0" type="stmt"/>
            <line complexity="1" visibility="public" signature="executeBatch() : void" num="287" count="0" type="method"/>
            <line num="290" count="0" type="stmt"/>
            <line num="291" count="0" type="stmt"/>
         </file>
         <file path="/home/runner/work/foxglove/foxglove/src/main/java/guru/mikelue/foxglove/jdbc/KeySettingStepImpl.java" name="KeySettingStepImpl.java">
            <metrics coveredelements="18" coveredconditionals="1" complexity="5" loc="53" coveredmethods="4" methods="4" elements="20" classes="1" ncloc="39" statements="14" conditionals="2" coveredstatements="13"/>
            <class name="KeySettingStepImpl">
               <metrics coveredelements="18" coveredconditionals="1" complexity="5" coveredmethods="4" methods="4" elements="20" statements="14" conditionals="2" coveredstatements="13"/>
            </class>
            <line complexity="1" visibility="package" signature="KeySettingStepImpl(JdbcTableFacet.Builder,Consumer&lt;KeySupplierOfInt&gt;)" num="13" count="24" type="method"/>
            <line num="15" count="24" type="stmt"/>
            <line num="16" count="24" type="stmt"/>
            <line complexity="2" visibility="public" signature="range(long,long,int) : Builder" num="19" count="4" type="method"/>
            <line num="22" count="4" type="stmt"/>
            <line num="24" count="4" type="stmt"/>
            <line falsecount="0" truecount="4" num="24" type="cond"/>
            <line num="25" count="4" type="stmt"/>
            <line num="27" count="0" type="stmt"/>
            <line num="30" count="4" type="stmt"/>
            <line num="32" count="4" type="stmt"/>
            <line complexity="1" visibility="public" signature="limit(long,int,int) : Builder" num="35" count="17" type="method"/>
            <line num="38" count="17" type="stmt"/>
            <line num="39" count="17" type="stmt"/>
            <line num="41" count="17" type="stmt"/>
            <line num="43" count="17" type="stmt"/>
            <line complexity="1" visibility="public" signature="domain(long[]) : Builder" num="46" count="3" type="method"/>
            <line num="49" count="3" type="stmt"/>
            <line num="51" count="3" type="stmt"/>
         </file>
         <file path="/home/runner/work/foxglove/foxglove/src/main/java/guru/mikelue/foxglove/jdbc/KeySupplierOfInt.java" name="KeySupplierOfInt.java">
            <metrics coveredelements="36" coveredconditionals="2" complexity="13" loc="128" coveredmethods="9" methods="11" elements="44" classes="1" ncloc="77" statements="29" conditionals="4" coveredstatements="25"/>
            <class name="KeySupplierOfInt">
               <metrics coveredelements="36" coveredconditionals="2" complexity="13" coveredmethods="9" methods="11" elements="44" statements="29" conditionals="4" coveredstatements="25"/>
            </class>
            <line complexity="1" visibility="package" signature="byRange(long,long,int) : KeySupplierOfInt" num="30" count="7" type="method"/>
            <line num="32" count="7" type="stmt"/>
            <line complexity="1" visibility="package" signature="byLimit(long,int,int) : KeySupplierOfInt" num="44" count="20" type="method"/>
            <line num="46" count="20" type="stmt"/>
            <line complexity="1" visibility="package" signature="of(long[]) : KeySupplierOfInt" num="56" count="4" type="method"/>
            <line num="58" count="4" type="stmt"/>
            <line complexity="1" visibility="private" signature="KeySupplierOfInt(long,int,int)" num="61" count="27" type="method"/>
            <line num="63" count="27" type="stmt"/>
            <line num="64" count="27" type="stmt"/>
            <line num="65" count="27" type="stmt"/>
            <line num="67" count="27" type="stmt"/>
            <line num="68" count="27" type="stmt"/>
            <line complexity="1" visibility="private" signature="KeySupplierOfInt(long[])" num="71" count="4" type="method"/>
            <line num="73" count="4" type="stmt"/>
            <line num="74" count="4" type="stmt"/>
            <line num="75" count="4" type="stmt"/>
            <line num="77" count="4" type="stmt"/>
            <line num="78" count="4" type="stmt"/>
            <line num="79" count="4" type="stmt"/>
            <line complexity="1" visibility="package" signature="getNumberOfRows() : int" num="82" count="19" type="method"/>
            <line num="84" count="19" type="stmt"/>
[...]
            <line num="224" count="1" type="stmt"/>
            <line complexity="1" visibility="package" signature="purpleCars() : TableFacet[]" num="230" count="1" type="method"/>
            <line num="233" count="1" type="stmt"/>
         </file>
         <file path="/home/runner/work/foxglove/foxglove/src/test/java/guru/mikelue/foxglove/examples/TableFacetTest.java" name="TableFacetTest.java">
            <metrics coveredelements="107" coveredconditionals="1" complexity="26" loc="599" coveredmethods="23" methods="23" elements="109" classes="3" ncloc="388" statements="84" conditionals="2" coveredstatements="83"/>
            <class name="TableFacetTest">
               <metrics coveredelements="43" complexity="13" methods="10" testruns="6" statements="33" coveredconditionals="1" coveredmethods="10" elements="45" testfailures="0" testduration="0.16400000000000003" conditionals="2" coveredstatements="32" testpasses="6"/>
            </class>
            <class name="TableFacetTest.NumberOfRowsTest">
               <metrics coveredelements="27" complexity="6" methods="6" testruns="6" statements="21" coveredconditionals="0" coveredmethods="6" elements="27" testfailures="0" testduration="0.091" conditionals="0" coveredstatements="21" testpasses="6"/>
            </class>
            <class name="TableFacetTest.ColumnValueTest">
               <metrics coveredelements="37" complexity="7" methods="7" testruns="7" statements="30" coveredconditionals="0" coveredmethods="7" elements="37" testfailures="0" testduration="0.13099999999999998" conditionals="0" coveredstatements="30" testpasses="7"/>
            </class>
            <line complexity="1" visibility="public" signature="TableFacetTest()" num="25" count="19" type="method"/>
            <line complexity="1" visibility="package" signature="setup() : void" num="27" count="19" type="method"/>
            <line complexity="1" visibility="package" signature="tearDown() : void" num="30" count="19" type="method"/>
            <line num="33" count="19" type="stmt"/>
            <line complexity="1" visibility="package" signature="basicUsage() : void" num="39" testsuccess="true" count="1" testduration="0.005" type="method"/>
            <line num="45" count="1" type="stmt"/>
            <line num="53" count="1" type="stmt"/>
            <line num="57" count="1" type="stmt"/>
            <line complexity="4" visibility="package" signature="versatileConfiguration() : void" num="64" testsuccess="true" count="1" testduration="0.015" type="method"/>
            <line num="68" count="1" type="stmt"/>
            <line num="70" count="1" type="stmt"/>
            <line num="83" count="1" type="stmt"/>
            <line num="99" count="1" type="stmt"/>
            <line num="101" count="1" type="stmt"/>
            <line falsecount="0" truecount="1" num="101" type="cond"/>
            <line num="102" count="1" type="stmt"/>
            <line num="105" count="0" type="stmt"/>
            <line num="114" count="14" type="stmt"/>
            <line num="119" count="14" type="stmt"/>
            <line num="120" count="6" type="stmt"/>
            <line num="121" count="3" type="stmt"/>
            <line num="122" count="5" type="stmt"/>
            <line num="124" count="14" type="stmt"/>
            <line num="129" count="1" type="stmt"/>
            <line complexity="1" visibility="package" signature="onTupleGenerated() : void" num="136" testsuccess="true" count="1" testduration="0.112" type="method"/>
            <line num="139" count="1" type="stmt"/>
            <line num="142" count="1" type="stmt"/>
            <line num="154" count="1" type="stmt"/>
            <line num="157" count="1" type="stmt"/>
            <line complexity="1" visibility="package" signature="setting() : void" num="166" testsuccess="true" count="1" testduration="0.016" type="method"/>
            <line num="169" count="1" type="stmt"/>
            <line num="170" count="1" type="stmt"/>
            <line num="173" count="1" type="stmt"/>
            <line num="186" count="1" type="stmt"/>
            <line num="193" count="1" type="stmt"/>
            <line num="196" count="1" type="stmt"/>
            <line complexity="1" visibility="package" signature="inclusion() : void" num="207" testsuccess="true" count="1" testduration="0.009" type="method"/>
            <line num="211" count="1" type="stmt"/>
            <line num="218" count="1" type="stmt"/>
            <line complexity="1" visibility="package" signature="exclusion() : void" num="225" testsuccess="true" count="1" testduration="0.007" type="method"/>
            <line num="229" count="1" type="stmt"/>
            <line num="236" count="1" type="stmt"/>
            <line complexity="1" visibility="package" signature="numberOfRows() : void" num="245" testsuccess="true" count="1" testduration="0.029" type="method"/>
            <line num="249" count="1" type="stmt"/>
            <line num="254" count="1" type="stmt"/>
            <line num="257" count="1" type="stmt"/>
            <line complexity="1" visibility="package" signature="keyColumn() : void" num="264" testsuccess="true" count="1" testduration="0.009" type="method"/>
            <line num="269" count="1" type="stmt"/>
            <line num="274" count="1" type="stmt"/>
            <line num="276" count="1" type="stmt"/>
            <line complexity="1" visibility="package" signature="cartesianProduct() : void" num="289" testsuccess="true" count="1" testduration="0.01" type="method"/>
            <line num="294" count="1" type="stmt"/>
            <line num="302" count="1" type="stmt"/>
            <line num="304" count="1" type="stmt"/>
            <line complexity="1" visibility="package" signature="referencing() : void" num="315" testsuccess="true" count="1" testduration="0.022" type="method"/>
            <line num="320" count="1" type="stmt"/>
            <line num="326" count="1" type="stmt"/>
            <line num="335" count="1" type="stmt"/>
            <line num="338" count="1" type="stmt"/>
            <line complexity="1" visibility="package" signature="fixedDomain() : void" num="348" testsuccess="true" count="1" testduration="0.011" type="method"/>
            <line num="353" count="1" type="stmt"/>
            <line num="356" count="1" type="stmt"/>
            <line num="364" count="1" type="stmt"/>
            <line num="366" count="1" type="stmt"/>
            <line complexity="1" visibility="package" signature="cartesianProductOnOneColumn() : void" num="376" testsuccess="true" count="1" testduration="0.01" type="method"/>
            <line num="381" count="1" type="stmt"/>
            <line num="384" count="1" type="stmt"/>
            <line num="390" count="1" type="stmt"/>
            <line num="392" count="1" type="stmt"/>
            <line complexity="1" visibility="package" signature="fixed() : void" num="405" testsuccess="true" count="1" testduration="0.008" type="method"/>
            <line num="408" count="1" type="stmt"/>
            <line num="411" count="1" type="stmt"/>
            <line num="417" count="1" type="stmt"/>
            <line num="419" count="1" type="stmt"/>
            <line complexity="1" visibility="package" signature="randomValue() : void" num="429" testsuccess="true" count="1" testduration="0.011" type="method"/>
            <line num="434" count="1" type="stmt"/>
            <line num="435" count="1" type="stmt"/>
            <line num="441" count="1" type="stmt"/>
            <line num="443" count="1" type="stmt"/>
            <line complexity="1" visibility="package" signature="roundRobin() : void" num="453" testsuccess="true" count="1" testduration="0.01" type="method"/>
            <line num="458" count="1" type="stmt"/>
            <line num="465" count="1" type="stmt"/>
            <line num="467" count="1" type="stmt"/>
            <line complexity="1" visibility="package" signature="sequenceNumber() : void" num="477" testsuccess="true" count="1" testduration="0.019" type="method"/>
            <line num="482" count="1" type="stmt"/>
            <line num="483" count="1" type="stmt"/>
            <line num="487" count="1" type="stmt"/>
            <line num="493" count="1" type="stmt"/>
            <line num="495" count="1" type="stmt"/>
            <line complexity="1" visibility="package" signature="nullByInstancio() : void" num="508" testsuccess="true" count="1" testduration="0.051" type="method"/>
            <line num="511" count="1" type="stmt"/>
            <line num="515" count="1" type="stmt"/>
            <line num="517" count="1" type="stmt"/>
            <line num="523" count="1" type="stmt"/>
            <line num="525" count="1" type="stmt"/>
            <line complexity="1" visibility="package" signature="nullByCustomizedOdds() : void" num="535" testsuccess="true" count="1" testduration="0.017" type="method"/>
            <line num="538" count="1" type="stmt"/>
            <line num="542" count="1" type="stmt"/>
            <line num="545" count="1" type="stmt"/>
            <line num="551" count="1" type="stmt"/>
            <line num="553" count="1" type="stmt"/>
            <line complexity="1" visibility="package" signature="from() : void" num="563" testsuccess="true" count="1" testduration="0.015" type="method"/>
            <line num="568" count="1" type="stmt"/>
            <line num="574" count="1" type="stmt"/>
            <line num="584" count="1" type="stmt"/>
            <line num="587" count="1" type="stmt"/>
            <line complexity="1" visibility="private" signature="dataGenerator() : JdbcDataGenerator" num="595" count="13" type="method"/>
            <line num="597" count="13" type="stmt"/>
         </file>
      </package>
      <package name="guru.mikelue.misc.testlib">
         <metrics coveredelements="5" complexity="3" loc="23" methods="3" classes="1" statements="2" coveredconditionals="0" coveredmethods="3" elements="5" ncloc="18" files="1" conditionals="0" coveredstatements="2"/>
         <file path="/home/runner/work/foxglove/foxglove/src/test/java/guru/mikelue/misc/testlib/AbstractTestBase.java" name="AbstractTestBase.java">
            <metrics coveredelements="5" coveredconditionals="0" complexity="3" loc="23" coveredmethods="3" methods="3" elements="5" classes="1" ncloc="18" statements="2" conditionals="0" coveredstatements="2"/>
            <class name="AbstractTestBase">
               <metrics coveredelements="5" coveredconditionals="0" complexity="3" coveredmethods="3" methods="3" elements="5" statements="2" conditionals="0" coveredstatements="2"/>
            </class>
            <line complexity="1" visibility="protected" signature="AbstractTestBase()" num="11" count="312" type="method"/>
            <line complexity="1" visibility="public" signature="getLogger() : Logger" num="13" count="17" type="method"/>
            <line num="15" count="17" type="stmt"/>
            <line complexity="1" visibility="public" signature="gen() : InstancioGenApi" num="19" count="42" type="method"/>
            <line num="21" count="42" type="stmt"/>
         </file>
      </package>
      <package name="guru.mikelue.foxglove.vendor">
         <metrics coveredelements="0" complexity="24" loc="406" methods="24" classes="7" statements="21" coveredconditionals="0" coveredmethods="0" elements="45" ncloc="312" files="7" conditionals="0" coveredstatements="0"/>
         <file path="/home/runner/work/foxglove/foxglove/src/test/java/guru/mikelue/foxglove/vendor/DerbyTest.java" name="DerbyTest.java">
            <metrics coveredelements="0" coveredconditionals="0" complexity="4" loc="71" coveredmethods="0" methods="4" elements="7" classes="1" ncloc="57" statements="3" conditionals="0" coveredstatements="0"/>
            <class name="DerbyTest">
               <metrics coveredelements="0" coveredconditionals="0" complexity="4" coveredmethods="0" methods="4" elements="7" statements="3" conditionals="0" coveredstatements="0"/>
            </class>
            <line complexity="1" visibility="public" signature="DerbyTest()" num="28" count="0" type="method"/>
            <line complexity="1" visibility="package" signature="beforeAllSetup(ApplicationContext,JdbcTemplate) : void" num="30" count="0" type="method"/>
            <line num="35" count="0" type="stmt"/>
            <line complexity="1" visibility="package" signature="afterAllTearDown(ApplicationContext,JdbcTemplate) : void" num="38" count="0" type="method"/>
            <line num="43" count="0" type="stmt"/>
            <line complexity="1" visibility="package" signature="basic() : void" num="62" count="0" type="method"/>
            <line num="66" count="0" type="stmt"/>
         </file>
         <file path="/home/runner/work/foxglove/foxglove/src/test/java/guru/mikelue/foxglove/vendor/HsqldbTest.java" name="HsqldbTest.java">
            <metrics coveredelements="0" coveredconditionals="0" complexity="5" loc="61" coveredmethods="0" methods="5" elements="8" classes="1" ncloc="46" statements="3" conditionals="0" coveredstatements="0"/>
            <class name="HsqldbTest">
               <metrics coveredelements="0" coveredconditionals="0" complexity="5" coveredmethods="0" methods="5" elements="8" statements="3" conditionals="0" coveredstatements="0"/>
            </class>
            <line complexity="1" visibility="public" signature="HsqldbTest()" num="22" count="0" type="method"/>
            <line complexity="1" visibility="package" signature="beforeAllSetup(ApplicationContext,JdbcTemplate) : void" num="24" count="0" type="method"/>
            <line num="29" count="0" type="stmt"/>
            <line num="31" count="0" type="stmt"/>
            <line complexity="1" visibility="package" signature="setup() : void" num="34" count="0" type="method"/>
            <line complexity="1" visibility="package" signature="tearDown() : void" num="37" count="0" type="method"/>
            <line complexity="1" visibility="package" signature="basic() : void" num="52" count="0" type="method"/>
            <line num="56" count="0" type="stmt"/>
         </file>
         <file path="/home/runner/work/foxglove/foxglove/src/test/java/guru/mikelue/foxglove/vendor/MssqlTest.java" name="MssqlTest.java">
            <metrics coveredelements="0" coveredconditionals="0" complexity="3" loc="54" coveredmethods="0" methods="3" elements="6" classes="1" ncloc="41" statements="3" conditionals="0" coveredstatements="0"/>
            <class name="MssqlTest">
               <metrics coveredelements="0" coveredconditionals="0" complexity="3" coveredmethods="0" methods="3" elements="6" statements="3" conditionals="0" coveredstatements="0"/>
            </class>
            <line complexity="1" visibility="public" signature="MssqlTest()" num="24" count="0" type="method"/>
            <line complexity="1" visibility="package" signature="beforeAllSetup(ApplicationContext,JdbcTemplate) : void" num="26" count="0" type="method"/>
            <line num="31" count="0" type="stmt"/>
            <line num="33" count="0" type="stmt"/>
            <line complexity="1" visibility="package" signature="basic() : void" num="45" count="0" type="method"/>
            <line num="49" count="0" type="stmt"/>
         </file>
         <file path="/home/runner/work/foxglove/foxglove/src/test/java/guru/mikelue/foxglove/vendor/MysqlTest.java" name="MysqlTest.java">
            <metrics coveredelements="0" coveredconditionals="0" complexity="3" loc="55" coveredmethods="0" methods="3" elements="6" classes="1" ncloc="42" statements="3" conditionals="0" coveredstatements="0"/>
            <class name="MysqlTest">
               <metrics coveredelements="0" coveredconditionals="0" complexity="3" coveredmethods="0" methods="3" elements="6" statements="3" conditionals="0" coveredstatements="0"/>
            </class>
            <line complexity="1" visibility="public" signature="MysqlTest()" num="24" count="0" type="method"/>
            <line complexity="1" visibility="package" signature="beforeAllSetup(ApplicationContext,JdbcTemplate) : void" num="26" count="0" type="method"/>
            <line num="31" count="0" type="stmt"/>
            <line num="33" count="0" type="stmt"/>
            <line complexity="1" visibility="package" signature="basic() : void" num="46" count="0" type="method"/>
            <line num="50" count="0" type="stmt"/>
         </file>
         <file path="/home/runner/work/foxglove/foxglove/src/test/java/guru/mikelue/foxglove/vendor/OracleTest.java" name="OracleTest.java">
            <metrics coveredelements="0" coveredconditionals="0" complexity="3" loc="54" coveredmethods="0" methods="3" elements="6" classes="1" ncloc="41" statements="3" conditionals="0" coveredstatements="0"/>
            <class name="OracleTest">
               <metrics coveredelements="0" coveredconditionals="0" complexity="3" coveredmethods="0" methods="3" elements="6" statements="3" conditionals="0" coveredstatements="0"/>
            </class>
            <line complexity="1" visibility="public" signature="OracleTest()" num="24" count="0" type="method"/>
            <line complexity="1" visibility="package" signature="beforeAllSetup(ApplicationContext,JdbcTemplate) : void" num="26" count="0" type="method"/>
            <line num="31" count="0" type="stmt"/>
            <line num="33" count="0" type="stmt"/>
            <line complexity="1" visibility="package" signature="basic() : void" num="45" count="0" type="method"/>
            <line num="49" count="0" type="stmt"/>
         </file>
         <file path="/home/runner/work/foxglove/foxglove/src/test/java/guru/mikelue/foxglove/vendor/PostgresTest.java" name="PostgresTest.java">
            <metrics coveredelements="0" coveredconditionals="0" complexity="3" loc="57" coveredmethods="0" methods="3" elements="6" classes="1" ncloc="44" statements="3" conditionals="0" coveredstatements="0"/>
            <class name="PostgresTest">
               <metrics coveredelements="0" coveredconditionals="0" complexity="3" coveredmethods="0" methods="3" elements="6" statements="3" conditionals="0" coveredstatements="0"/>
            </class>
            <line complexity="1" visibility="public" signature="PostgresTest()" num="24" count="0" type="method"/>
            <line complexity="1" visibility="package" signature="beforeAllSetup(ApplicationContext,JdbcTemplate) : void" num="26" count="0" type="method"/>
            <line num="31" count="0" type="stmt"/>
            <line num="33" count="0" type="stmt"/>
            <line complexity="1" visibility="package" signature="basic() : void" num="48" count="0" type="method"/>
            <line num="52" count="0" type="stmt"/>
         </file>
         <file path="/home/runner/work/foxglove/foxglove/src/test/java/guru/mikelue/foxglove/vendor/SqliteTest.java" name="SqliteTest.java">
            <metrics coveredelements="0" coveredconditionals="0" complexity="3" loc="54" coveredmethods="0" methods="3" elements="6" classes="1" ncloc="41" statements="3" conditionals="0" coveredstatements="0"/>
            <class name="SqliteTest">
               <metrics coveredelements="0" coveredconditionals="0" complexity="3" coveredmethods="0" methods="3" elements="6" statements="3" conditionals="0" coveredstatements="0"/>
            </class>
            <line complexity="1" visibility="public" signature="SqliteTest()" num="24" count="0" type="method"/>
            <line complexity="1" visibility="package" signature="globalSetup(ApplicationContext,JdbcTemplate) : void" num="26" count="0" type="method"/>
            <line num="31" count="0" type="stmt"/>
            <line num="33" count="0" type="stmt"/>
            <line complexity="1" visibility="package" signature="basic() : void" num="45" count="0" type="method"/>
            <line num="49" count="0" type="stmt"/>
         </file>
      </package>
   </testproject>
</coverage>